0 info it worked if it ends with ok
1 verbose cli [ '/usr/local/bin/node', '/usr/local/bin/npm', 'start' ]
2 info using npm@3.10.10
3 info using node@v6.11.0
4 verbose run-script [ 'prestart', 'start', 'poststart' ]
5 info lifecycle cameleon@1.0.0~prestart: cameleon@1.0.0
6 silly lifecycle cameleon@1.0.0~prestart: no script for prestart, continuing
7 info lifecycle cameleon@1.0.0~start: cameleon@1.0.0
8 verbose lifecycle cameleon@1.0.0~start: unsafe-perm in lifecycle true
9 verbose lifecycle cameleon@1.0.0~start: PATH: /usr/local/lib/node_modules/npm/bin/node-gyp-bin:/Users/saehan/Developer/git/medibloc/cameleon/node_modules/.bin:/Users/saehan/Library/Python/2.7/bin/:/opt/local/bin:/opt/local/sbin:/opt/local/bin:/opt/local/sbin:/Users/saehan/.rvm/gems/ruby-2.3.0/bin:/Users/saehan/.rvm/gems/ruby-2.3.0@global/bin:/Users/saehan/.rvm/rubies/ruby-2.3.0/bin:/Library/Frameworks/Python.framework/Versions/3.4/bin:/usr/local/bin:/usr/bin:/bin:/usr/sbin:/sbin:/Library/TeX/texbin:/usr/local/go/bin:/usr/local/share/dotnet:/Users/saehan/.rvm/bin:/Users/saehan/Library/Android/sdk/tools:/Users/saehan/go/bin:/usr/local/go/bin
10 verbose lifecycle cameleon@1.0.0~start: CWD: /Users/saehan/Developer/git/medibloc/cameleon
11 silly lifecycle cameleon@1.0.0~start: Args: [ '-c', 'node ./bin/www' ]
12 silly lifecycle cameleon@1.0.0~start: Returned: code: 7  signal: null
13 info lifecycle cameleon@1.0.0~start: Failed to exec start script
14 verbose stack Error: cameleon@1.0.0 start: `node ./bin/www`
14 verbose stack Exit status 7
14 verbose stack     at EventEmitter.<anonymous> (/usr/local/lib/node_modules/npm/lib/utils/lifecycle.js:255:16)
14 verbose stack     at emitTwo (events.js:106:13)
14 verbose stack     at EventEmitter.emit (events.js:191:7)
14 verbose stack     at ChildProcess.<anonymous> (/usr/local/lib/node_modules/npm/lib/utils/spawn.js:40:14)
14 verbose stack     at emitTwo (events.js:106:13)
14 verbose stack     at ChildProcess.emit (events.js:191:7)
14 verbose stack     at maybeClose (internal/child_process.js:891:16)
14 verbose stack     at Process.ChildProcess._handle.onexit (internal/child_process.js:226:5)
15 verbose pkgid cameleon@1.0.0
16 verbose cwd /Users/saehan/Developer/git/medibloc/cameleon
17 error Darwin 17.0.0
18 error argv "/usr/local/bin/node" "/usr/local/bin/npm" "start"
19 error node v6.11.0
20 error npm  v3.10.10
21 error code ELIFECYCLE
22 error cameleon@1.0.0 start: `node ./bin/www`
22 error Exit status 7
23 error Failed at the cameleon@1.0.0 start script 'node ./bin/www'.
23 error Make sure you have the latest version of node.js and npm installed.
23 error If you do, this is most likely a problem with the cameleon package,
23 error not with npm itself.
23 error Tell the author that this fails on your system:
23 error     node ./bin/www
23 error You can get information on how to open an issue for this project with:
23 error     npm bugs cameleon
23 error Or if that isn't available, you can get their info via:
23 error     npm owner ls cameleon
23 error There is likely additional logging output above.
24 verbose exit [ 1, true ]
